<?xml version="1.0" encoding="utf-8"?><testsuites name="pytest tests"><testsuite name="pytest" errors="0" failures="0" skipped="0" tests="16" time="3.637" timestamp="2026-01-20T16:14:46.874215+00:00" hostname="agent-env-c29082a4-d010-4ad9-a86f-f4e8d159839c"><testcase classname="tests.test_admin_articles_email.TestAdminAuthentication" name="test_admin_login_success" time="0.072" /><testcase classname="tests.test_admin_articles_email.TestAdminAuthentication" name="test_admin_login_invalid_credentials" time="0.075" /><testcase classname="tests.test_admin_articles_email.TestAdminArticleManagement" name="test_create_article" time="0.065" /><testcase classname="tests.test_admin_articles_email.TestAdminArticleManagement" name="test_get_admin_articles" time="0.039" /><testcase classname="tests.test_admin_articles_email.TestAdminArticleManagement" name="test_update_article" time="0.107" /><testcase classname="tests.test_admin_articles_email.TestAdminArticleManagement" name="test_delete_article" time="0.112" /><testcase classname="tests.test_admin_articles_email.TestAdminArticleManagement" name="test_delete_nonexistent_article" time="0.078" /><testcase classname="tests.test_admin_articles_email.TestUserArticles" name="test_get_articles_list" time="0.906" /><testcase classname="tests.test_admin_articles_email.TestUserArticles" name="test_search_articles_by_title" time="0.930" /><testcase classname="tests.test_admin_articles_email.TestUserArticles" name="test_get_search_suggestions" time="0.036" /><testcase classname="tests.test_admin_articles_email.TestUserArticles" name="test_articles_pagination" time="0.608" /><testcase classname="tests.test_admin_articles_email.TestEmailReminders" name="test_get_email_reminder_settings" time="0.294" /><testcase classname="tests.test_admin_articles_email.TestEmailReminders" name="test_update_email_reminder_settings" time="0.034" /><testcase classname="tests.test_admin_articles_email.TestEmailReminders" name="test_send_test_reminder_without_sendgrid" time="0.035" /><testcase classname="tests.test_admin_articles_email.TestEmailReminders" name="test_admin_send_bulk_reminders_without_sendgrid" time="0.067" /><testcase classname="tests.test_admin_articles_email.TestCleanup" name="test_cleanup_test_articles" time="0.103" /></testsuite></testsuites>