<?xml version="1.0" encoding="utf-8"?><testsuites name="pytest tests"><testsuite name="pytest" errors="0" failures="2" skipped="0" tests="16" time="3.810" timestamp="2026-01-20T16:14:23.860159+00:00" hostname="agent-env-c29082a4-d010-4ad9-a86f-f4e8d159839c"><testcase classname="tests.test_admin_articles_email.TestAdminAuthentication" name="test_admin_login_success" time="0.090" /><testcase classname="tests.test_admin_articles_email.TestAdminAuthentication" name="test_admin_login_invalid_credentials" time="0.035" /><testcase classname="tests.test_admin_articles_email.TestAdminArticleManagement" name="test_create_article" time="0.074" /><testcase classname="tests.test_admin_articles_email.TestAdminArticleManagement" name="test_get_admin_articles" time="0.034" /><testcase classname="tests.test_admin_articles_email.TestAdminArticleManagement" name="test_update_article" time="0.118" /><testcase classname="tests.test_admin_articles_email.TestAdminArticleManagement" name="test_delete_article" time="0.152" /><testcase classname="tests.test_admin_articles_email.TestAdminArticleManagement" name="test_delete_nonexistent_article" time="0.038" /><testcase classname="tests.test_admin_articles_email.TestUserArticles" name="test_get_articles_list" time="0.744" /><testcase classname="tests.test_admin_articles_email.TestUserArticles" name="test_search_articles_by_title" time="1.330" /><testcase classname="tests.test_admin_articles_email.TestUserArticles" name="test_get_search_suggestions" time="0.035" /><testcase classname="tests.test_admin_articles_email.TestUserArticles" name="test_articles_pagination" time="0.440" /><testcase classname="tests.test_admin_articles_email.TestEmailReminders" name="test_get_email_reminder_settings" time="0.293" /><testcase classname="tests.test_admin_articles_email.TestEmailReminders" name="test_update_email_reminder_settings" time="0.045" /><testcase classname="tests.test_admin_articles_email.TestEmailReminders" name="test_send_test_reminder_without_sendgrid" time="0.041"><failure message="AssertionError: Expected 503 (service unavailable), got 520: {&quot;detail&quot;:&quot;Email service not configured. Please add SENDGRID_API_KEY to enable email reminders.&quot;}&#10;assert 520 == 503&#10; +  where 520 = &lt;Response [520]&gt;.status_code">tests/test_admin_articles_email.py:363: in test_send_test_reminder_without_sendgrid
    assert response.status_code == 503, f"Expected 503 (service unavailable), got {response.status_code}: {response.text}"
E   AssertionError: Expected 503 (service unavailable), got 520: {"detail":"Email service not configured. Please add SENDGRID_API_KEY to enable email reminders."}
E   assert 520 == 503
E    +  where 520 = &lt;Response [520]&gt;.status_code</failure></testcase><testcase classname="tests.test_admin_articles_email.TestEmailReminders" name="test_admin_send_bulk_reminders_without_sendgrid" time="0.081"><failure message="AssertionError: Expected 503 (service unavailable), got 520: {&quot;detail&quot;:&quot;Email service not configured&quot;}&#10;assert 520 == 503&#10; +  where 520 = &lt;Response [520]&gt;.status_code">tests/test_admin_articles_email.py:374: in test_admin_send_bulk_reminders_without_sendgrid
    assert response.status_code == 503, f"Expected 503 (service unavailable), got {response.status_code}: {response.text}"
E   AssertionError: Expected 503 (service unavailable), got 520: {"detail":"Email service not configured"}
E   assert 520 == 503
E    +  where 520 = &lt;Response [520]&gt;.status_code</failure></testcase><testcase classname="tests.test_admin_articles_email.TestCleanup" name="test_cleanup_test_articles" time="0.100" /></testsuite></testsuites>